{"message":"Preferences loaded from /home/makc/Repo/dot/.config/pomotroid/user-preferences.json","level":"info","hostname":"falcon","timestamp":"2021-07-23T18:11:27.182Z"}
{"message":"app ready","level":"info","hostname":"falcon","timestamp":"2021-07-23T18:11:27.249Z"}
{"message":"Registering shortcut for call-timer-toggle: Control+F1","level":"info","hostname":"falcon","timestamp":"2021-07-23T18:11:27.349Z"}
{"message":"Registering shortcut for call-timer-reset: Control+F2","level":"info","hostname":"falcon","timestamp":"2021-07-23T18:11:27.365Z"}
{"message":"Registering shortcut for call-timer-skip: Control+F3","level":"info","hostname":"falcon","timestamp":"2021-07-23T18:11:27.365Z"}
{"message":"creating directory: /home/makc/Repo/dot/.config/pomotroid/themes","level":"info","hostname":"falcon","timestamp":"2021-07-23T18:11:27.517Z"}
{"message":"Preferences loaded from /home/makc/Repo/dot/.config/pomotroid/user-preferences.json","level":"info","hostname":"falcon","timestamp":"2021-07-23T18:11:27.535Z"}
{"message":"focus round completed","level":"info","hostname":"falcon","timestamp":"2021-07-23T18:11:55.669Z"}
{"message":"short break round started","level":"info","hostname":"falcon","timestamp":"2021-07-23T18:11:57.175Z"}
{"message":"short break completed","level":"info","hostname":"falcon","timestamp":"2021-07-23T18:11:58.440Z"}
{"message":"focus round round started","level":"info","hostname":"falcon","timestamp":"2021-07-23T18:11:59.944Z"}
{"message":"focus round completed","level":"info","hostname":"falcon","timestamp":"2021-07-23T18:12:00.698Z"}
{"message":"short break round started","level":"info","hostname":"falcon","timestamp":"2021-07-23T18:12:02.200Z"}
{"message":"short break completed","level":"info","hostname":"falcon","timestamp":"2021-07-23T18:12:03.912Z"}
{"message":"focus round round started","level":"info","hostname":"falcon","timestamp":"2021-07-23T18:12:05.414Z"}
{"message":"focus round completed","level":"info","hostname":"falcon","timestamp":"2021-07-23T18:12:05.914Z"}
{"message":"short break completed","level":"info","hostname":"falcon","timestamp":"2021-07-23T18:12:06.571Z"}
{"message":"focus round completed","level":"info","hostname":"falcon","timestamp":"2021-07-23T18:12:07.315Z"}
{"message":"long break round started","level":"info","hostname":"falcon","timestamp":"2021-07-23T18:12:07.417Z"}
{"message":"long break completed","level":"info","hostname":"falcon","timestamp":"2021-07-23T18:12:08.264Z"}
{"message":"focus round round started","level":"info","hostname":"falcon","timestamp":"2021-07-23T18:12:08.818Z"}
{"message":"focus round completed","level":"info","hostname":"falcon","timestamp":"2021-07-23T18:12:08.926Z"}
{"message":"short break completed","level":"info","hostname":"falcon","timestamp":"2021-07-23T18:12:09.639Z"}
{"message":"focus round round started","level":"info","hostname":"falcon","timestamp":"2021-07-23T18:12:09.767Z"}
{"message":"focus round completed","level":"info","hostname":"falcon","timestamp":"2021-07-23T18:12:10.358Z"}
{"message":"short break round started","level":"info","hostname":"falcon","timestamp":"2021-07-23T18:12:10.429Z"}
{"message":"short break completed","level":"info","hostname":"falcon","timestamp":"2021-07-23T18:12:10.963Z"}
{"message":"focus round round started","level":"info","hostname":"falcon","timestamp":"2021-07-23T18:12:11.142Z"}
{"message":"focus round completed","level":"info","hostname":"falcon","timestamp":"2021-07-23T18:12:11.788Z"}
{"message":"short break round started","level":"info","hostname":"falcon","timestamp":"2021-07-23T18:12:11.861Z"}
{"message":"short break round paused","level":"info","hostname":"falcon","timestamp":"2021-07-23T18:12:13.738Z"}
{"message":"quitting app...","level":"info","hostname":"falcon","timestamp":"2021-07-23T18:12:23.978Z"}
